
Showing logs for build [32mcb-kubecd-environment-pr-199-15-7m7wl-1[0m stage [32mfrom-build-pack[0m and container [32mstep-credential-initializer-shz9r[0m
{"level":"warn","ts":1586813422.3670099,"logger":"fallback-logger","caller":"logging/config.go:69","msg":"Fetch GitHub commit ID from kodata failed: \"ref: refs/heads/0.8.0-**-support-backwards-incompats\" is not a valid GitHub commit ID"}
{"level":"info","ts":1586813422.368373,"logger":"fallback-logger","caller":"creds-init/main.go:40","msg":"Credentials initialized."}

Showing logs for build [32mcb-kubecd-environment-pr-199-15-7m7wl-1[0m stage [32mfrom-build-pack[0m and container [32mstep-working-dir-initializer-2kx2b[0m
{"level":"warn","ts":1586813423.3463056,"logger":"fallback-logger","caller":"logging/config.go:69","msg":"Fetch GitHub commit ID from kodata failed: open /var/run/ko/HEAD: no such file or directory"}
{"level":"info","ts":1586813423.3495138,"logger":"fallback-logger","caller":"bash/main.go:64","msg":"Successfully executed command \"sh -c mkdir -p /workspace/source\"; output "}

Showing logs for build [32mcb-kubecd-environment-pr-199-15-7m7wl-1[0m stage [32mfrom-build-pack[0m and container [32mstep-place-tools[0m

Showing logs for build [32mcb-kubecd-environment-pr-199-15-7m7wl-1[0m stage [32mfrom-build-pack[0m and container [32mstep-git-source-cb-kubecd-environment-pr-199-15-7m7wl-td4bv[0m
{"level":"warn","ts":1586813426.4855363,"logger":"fallback-logger","caller":"logging/config.go:69","msg":"Fetch GitHub commit ID from kodata failed: \"ref: refs/heads/0.8.0-**-support-backwards-incompats\" is not a valid GitHub commit ID"}
{"level":"info","ts":1586813427.5059462,"logger":"fallback-logger","caller":"git/git.go:103","msg":"Successfully cloned https://github.com/cb-kubecd/environment-pr-199-153-boot-gke-staging.git @ master in path /workspace/source"}

Showing logs for build [32mcb-kubecd-environment-pr-199-15-7m7wl-1[0m stage [32mfrom-build-pack[0m and container [32mstep-git-merge[0m
Using SHAs from PULL_REFS=master:ff5dea149a12c68f1771e51d9e6af6592cc38889,5:afe9f7280d26ff2f798c4b851c8ea9bd78417a0e
DEBUG: LC_ALL=C JX_LOG_LEVEL=error git fetch origin --unshallow afe9f7280d26ff2f798c4b851c8ea9bd78417a0e: ff5dea149a12c68f1771e51d9e6af6592cc38889:
DEBUG: ran git fetch --unshallow origin afe9f7280d26ff2f798c4b851c8ea9bd78417a0e: ff5dea149a12c68f1771e51d9e6af6592cc38889: in 
DEBUG: LC_ALL=C JX_LOG_LEVEL=error git branch
DEBUG: LC_ALL=C JX_LOG_LEVEL=error git checkout master
DEBUG: ran git checkout master in 
DEBUG: LC_ALL=C JX_LOG_LEVEL=error git reset --hard ff5dea149a12c68f1771e51d9e6af6592cc38889
DEBUG: ran git reset --hard ff5dea149a12c68f1771e51d9e6af6592cc38889 in 
DEBUG: LC_ALL=C JX_LOG_LEVEL=error git clean -fd .
DEBUG: ran clean --force -d . in 
DEBUG: LC_ALL=C JX_LOG_LEVEL=error git merge afe9f7280d26ff2f798c4b851c8ea9bd78417a0e
DEBUG: ran git merge afe9f7280d26ff2f798c4b851c8ea9bd78417a0e in 
DEBUG: LC_ALL=C JX_LOG_LEVEL=error git log --format=%H%x1f%an%x1f%ae%x1f%cn%x1f%ce%x1f%s%n%b%x1e ff5dea149a12c68f1771e51d9e6af6592cc38889..HEAD
Merged SHA afe9f7280d26ff2f798c4b851c8ea9bd78417a0e with commit message 'chore: Promote bdd-ghf**y-import-1586813083 to version 0.0.1' into base branch master

Showing logs for build [32mcb-kubecd-environment-pr-199-15-7m7wl-1[0m stage [32mfrom-build-pack[0m and container [32mstep-build-helm-build[0m
WARNING: No $CHART_REPOSITORY defined so using the default value of: http://jenkins-x-chartmuseum:8080
Adding missing Helm repo: storage.googleapis.com https://storage.googleapis.com/chartmuseum.jenkins-x.io
WARNING: No secrets found on "helm/repos" due: reading the secret "helm/repos" from vault: no secret "helm/repos" not found in vault
Read credentials for https://storage.googleapis.com/chartmuseum.jenkins-x.io from vault helm/repos
Successfully added Helm repository storage.googleapis.com.
Adding missing Helm repo: jenkins-x-chartmuseum http://jenkins-x-chartmuseum:8080
WARNING: No secrets found on "helm/repos" due: reading the secret "helm/repos" from vault: no secret "helm/repos" not found in vault
Read credentials for http://jenkins-x-chartmuseum:8080 from vault helm/repos
Successfully added Helm repository jenkins-x-chartmuseum.
WARNING: No $CHART_REPOSITORY defined so using the default value of: http://jenkins-x-chartmuseum:8080
Adding missing Helm repo: chartmuseum.jenkins-x.io http://chartmuseum.jenkins-x.io
WARNING: No secrets found on "helm/repos" due: reading the secret "helm/repos" from vault: no secret "helm/repos" not found in vault
Read credentials for http://chartmuseum.jenkins-x.io from vault helm/repos
Successfully added Helm repository chartmuseum.jenkins-x.io.
